[0804/103246.767:ERROR:crash_report_database_win.cc(429)] unexpected header
[0804/144334.280:ERROR:crash_report_database_win.cc(429)] unexpected header
[0805/113233.385:ERROR:crash_report_database_win.cc(429)] unexpected header
[0806/194152.799:ERROR:crash_report_database_win.cc(429)] unexpected header
[0807/110204.713:ERROR:crash_report_database_win.cc(429)] unexpected header
[0807/132339.416:ERROR:crash_report_database_win.cc(429)] unexpected header
[0807/191841.498:ERROR:crash_report_database_win.cc(429)] unexpected header
[0807/203450.182:ERROR:crash_report_database_win.cc(429)] unexpected header
[0807/204226.440:ERROR:crash_report_database_win.cc(429)] unexpected header
[0807/210031.913:ERROR:crash_report_database_win.cc(429)] unexpected header
[0808/122450.029:ERROR:crash_report_database_win.cc(429)] unexpected header
[0809/114955.841:ERROR:crash_report_database_win.cc(429)] unexpected header
[0820/221031.407:ERROR:process_reader_win.cc(127)] NtOpenThread: {Access Denied} A process has requested access to an object, but has not been granted those access rights. (0xc0000022)
[0820/221031.563:ERROR:exception_snapshot_win.cc(99)] thread ID 13784 not found in process
[0918/092039.263:ERROR:crash_report_database_win.cc(430)] unexpected header
[0921/093607.598:ERROR:crash_report_database_win.cc(430)] unexpected header
[1007/091634.761:ERROR:crash_report_database_win.cc(430)] unexpected header
[1008/093131.185:ERROR:crash_report_database_win.cc(430)] unexpected header
[1008/163916.853:ERROR:registration_protocol_win.cc(131)] TransactNamedPipe: The pipe has been ended. (0x6D)
[1012/084904.048:ERROR:registration_protocol_win.cc(131)] TransactNamedPipe: The pipe has been ended. (0x6D)
[1013/092515.408:ERROR:registration_protocol_win.cc(131)] TransactNamedPipe: The pipe has been ended. (0x6D)
[1019/132847.557:ERROR:registration_protocol_win.cc(131)] TransactNamedPipe: The pipe has been ended. (0x6D)
[1019/135320.497:ERROR:registration_protocol_win.cc(131)] TransactNamedPipe: The pipe has been ended. (0x6D)
[1027/112102.699:ERROR:exit_code_watcher_win.cc(87)] Failed to wait for process exit or stop event
[1027/112102.818:ERROR:registration_protocol_win.cc(131)] TransactNamedPipe: The pipe has been ended. (0x6D)
[1030/103551.302:ERROR:exit_code_watcher_win.cc(87)] Failed to wait for process exit or stop event
[1030/103551.742:ERROR:registration_protocol_win.cc(131)] TransactNamedPipe: The pipe has been ended. (0x6D)
[1102/112157.346:ERROR:registration_protocol_win.cc(131)] TransactNamedPipe: The pipe has been ended. (0x6D)
[1102/112716.435:ERROR:registration_protocol_win.cc(131)] TransactNamedPipe: The pipe has been ended. (0x6D)
[1102/162823.222:ERROR:registration_protocol_win.cc(131)] TransactNamedPipe: The pipe has been ended. (0x6D)
